mode: atomic
github.com/cluttercode/clutter/internal/pkg/parser/parser.go:25.81,32.49 5 20
github.com/cluttercode/clutter/internal/pkg/parser/parser.go:34.2,38.37 3 20
github.com/cluttercode/clutter/internal/pkg/parser/parser.go:64.2,64.81 1 20
github.com/cluttercode/clutter/internal/pkg/parser/parser.go:98.2,98.43 1 20
github.com/cluttercode/clutter/internal/pkg/parser/parser.go:108.2,110.42 2 20
github.com/cluttercode/clutter/internal/pkg/parser/parser.go:147.2,149.43 2 20
github.com/cluttercode/clutter/internal/pkg/parser/parser.go:165.2,167.58 2 20
github.com/cluttercode/clutter/internal/pkg/parser/parser.go:177.2,177.39 1 18
github.com/cluttercode/clutter/internal/pkg/parser/parser.go:181.2,181.25 1 17
github.com/cluttercode/clutter/internal/pkg/parser/parser.go:185.2,185.18 1 17
github.com/cluttercode/clutter/internal/pkg/parser/parser.go:32.49,32.80 1 0
github.com/cluttercode/clutter/internal/pkg/parser/parser.go:38.37,39.42 1 31
github.com/cluttercode/clutter/internal/pkg/parser/parser.go:43.3,43.33 1 31
github.com/cluttercode/clutter/internal/pkg/parser/parser.go:47.3,47.19 1 29
github.com/cluttercode/clutter/internal/pkg/parser/parser.go:60.3,61.13 2 28
github.com/cluttercode/clutter/internal/pkg/parser/parser.go:39.42,41.4 1 0
github.com/cluttercode/clutter/internal/pkg/parser/parser.go:43.33,45.4 1 2
github.com/cluttercode/clutter/internal/pkg/parser/parser.go:47.19,48.16 1 9
github.com/cluttercode/clutter/internal/pkg/parser/parser.go:48.16,50.5 1 3
github.com/cluttercode/clutter/internal/pkg/parser/parser.go:50.10,50.24 1 6
github.com/cluttercode/clutter/internal/pkg/parser/parser.go:50.24,51.61 1 5
github.com/cluttercode/clutter/internal/pkg/parser/parser.go:51.61,54.6 1 1
github.com/cluttercode/clutter/internal/pkg/parser/parser.go:54.11,54.34 1 4
github.com/cluttercode/clutter/internal/pkg/parser/parser.go:54.34,56.6 1 3
github.com/cluttercode/clutter/internal/pkg/parser/parser.go:64.81,67.43 2 24
github.com/cluttercode/clutter/internal/pkg/parser/parser.go:67.43,68.11 1 44
github.com/cluttercode/clutter/internal/pkg/parser/parser.go:72.4,72.47 1 43
github.com/cluttercode/clutter/internal/pkg/parser/parser.go:76.4,76.11 1 43
github.com/cluttercode/clutter/internal/pkg/parser/parser.go:89.4,89.41 1 20
github.com/cluttercode/clutter/internal/pkg/parser/parser.go:93.4,94.14 2 19
github.com/cluttercode/clutter/internal/pkg/parser/parser.go:68.11,70.5 1 1
github.com/cluttercode/clutter/internal/pkg/parser/parser.go:72.47,74.5 1 3
github.com/cluttercode/clutter/internal/pkg/parser/parser.go:76.11,77.28 1 23
github.com/cluttercode/clutter/internal/pkg/parser/parser.go:81.5,81.41 1 3
github.com/cluttercode/clutter/internal/pkg/parser/parser.go:85.5,86.29 2 3
github.com/cluttercode/clutter/internal/pkg/parser/parser.go:77.28,79.6 1 20
github.com/cluttercode/clutter/internal/pkg/parser/parser.go:81.41,83.6 1 0
github.com/cluttercode/clutter/internal/pkg/parser/parser.go:89.41,91.5 1 1
github.com/cluttercode/clutter/internal/pkg/parser/parser.go:98.43,99.10 1 26
github.com/cluttercode/clutter/internal/pkg/parser/parser.go:103.3,105.13 2 10
github.com/cluttercode/clutter/internal/pkg/parser/parser.go:99.10,101.4 1 16
github.com/cluttercode/clutter/internal/pkg/parser/parser.go:110.42,111.10 1 34
github.com/cluttercode/clutter/internal/pkg/parser/parser.go:115.3,115.20 1 33
github.com/cluttercode/clutter/internal/pkg/parser/parser.go:120.3,120.35 1 19
github.com/cluttercode/clutter/internal/pkg/parser/parser.go:134.3,134.40 1 18
github.com/cluttercode/clutter/internal/pkg/parser/parser.go:138.3,144.13 4 18
github.com/cluttercode/clutter/internal/pkg/parser/parser.go:111.10,113.4 1 1
github.com/cluttercode/clutter/internal/pkg/parser/parser.go:115.20,118.4 2 14
github.com/cluttercode/clutter/internal/pkg/parser/parser.go:120.35,121.49 1 4
github.com/cluttercode/clutter/internal/pkg/parser/parser.go:125.4,125.17 1 4
github.com/cluttercode/clutter/internal/pkg/parser/parser.go:121.49,123.5 1 0
github.com/cluttercode/clutter/internal/pkg/parser/parser.go:126.9,126.27 1 15
github.com/cluttercode/clutter/internal/pkg/parser/parser.go:126.27,127.48 1 3
github.com/cluttercode/clutter/internal/pkg/parser/parser.go:131.4,131.17 1 2
github.com/cluttercode/clutter/internal/pkg/parser/parser.go:127.48,129.5 1 1
github.com/cluttercode/clutter/internal/pkg/parser/parser.go:134.40,136.4 1 0
github.com/cluttercode/clutter/internal/pkg/parser/parser.go:149.43,150.13 1 389
github.com/cluttercode/clutter/internal/pkg/parser/parser.go:156.3,156.32 1 288
github.com/cluttercode/clutter/internal/pkg/parser/parser.go:160.3,162.86 2 284
github.com/cluttercode/clutter/internal/pkg/parser/parser.go:150.13,154.4 2 101
github.com/cluttercode/clutter/internal/pkg/parser/parser.go:156.32,158.4 1 4
github.com/cluttercode/clutter/internal/pkg/parser/parser.go:167.58,168.17 1 83
github.com/cluttercode/clutter/internal/pkg/parser/parser.go:172.3,172.52 1 83
github.com/cluttercode/clutter/internal/pkg/parser/parser.go:168.17,170.4 1 0
github.com/cluttercode/clutter/internal/pkg/parser/parser.go:172.52,174.4 1 2
github.com/cluttercode/clutter/internal/pkg/parser/parser.go:177.39,179.3 1 1
github.com/cluttercode/clutter/internal/pkg/parser/parser.go:181.25,183.3 1 2
github.com/cluttercode/clutter/internal/pkg/parser/parser.go:188.87,190.27 2 0
github.com/cluttercode/clutter/internal/pkg/parser/parser.go:198.2,198.18 1 0
github.com/cluttercode/clutter/internal/pkg/parser/parser.go:190.27,193.17 3 0
github.com/cluttercode/clutter/internal/pkg/parser/parser.go:193.17,195.4 1 0
